Determining if the pthread_create exist failed with the following output:
Change Dir: /home/csmajs/jgaff001/lab-07-abstract-factory-pattern-lab_07_justin_and_vivian/CMakeFiles/CMakeTmp

Run Build Command:"/opt/rh/devtoolset-6/root/usr/bin/gmake" "cmTC_fd4d0/fast"
/opt/rh/devtoolset-6/root/usr/bin/gmake -f CMakeFiles/cmTC_fd4d0.dir/build.make CMakeFiles/cmTC_fd4d0.dir/build
gmake[1]: Entering directory '/home/csmajs/jgaff001/lab-07-abstract-factory-pattern-lab_07_justin_and_vivian/CMakeFiles/CMakeTmp'
Building C object CMakeFiles/cmTC_fd4d0.dir/CheckSymbolExists.c.o
/opt/rh/devtoolset-6/root/usr/bin/cc    -o CMakeFiles/cmTC_fd4d0.dir/CheckSymbolExists.c.o   -c /home/csmajs/jgaff001/lab-07-abstract-factory-pattern-lab_07_justin_and_vivian/CMakeFiles/CMakeTmp/CheckSymbolExists.c
Linking C executable cmTC_fd4d0
/usr/bin/cmake3 -E cmake_link_script CMakeFiles/cmTC_fd4d0.dir/link.txt --verbose=1
/opt/rh/devtoolset-6/root/usr/bin/cc      -rdynamic CMakeFiles/cmTC_fd4d0.dir/CheckSymbolExists.c.o  -o cmTC_fd4d0 
CMakeFiles/cmTC_fd4d0.dir/CheckSymbolExists.c.o: In function `main':
CheckSymbolExists.c:(.text+0x16): undefined reference to `pthread_create'
collect2: error: ld returned 1 exit status
CMakeFiles/cmTC_fd4d0.dir/build.make:86: recipe for target 'cmTC_fd4d0' failed
gmake[1]: *** [cmTC_fd4d0] Error 1
gmake[1]: Leaving directory '/home/csmajs/jgaff001/lab-07-abstract-factory-pattern-lab_07_justin_and_vivian/CMakeFiles/CMakeTmp'
Makefile:121: recipe for target 'cmTC_fd4d0/fast' failed
gmake: *** [cmTC_fd4d0/fast] Error 2

File /home/csmajs/jgaff001/lab-07-abstract-factory-pattern-lab_07_justin_and_vivian/CMakeFiles/CMakeTmp/CheckSymbolExists.c:
/* */
#include <pthread.h>

int main(int argc, char** argv)
{
  (void)argv;
#ifndef pthread_create
  return ((int*)(&pthread_create))[argc];
#else
  (void)argc;
  return 0;
#endif
}

Determining if the function pthread_create exists in the pthreads failed with the following output:
Change Dir: /home/csmajs/jgaff001/lab-07-abstract-factory-pattern-lab_07_justin_and_vivian/CMakeFiles/CMakeTmp

Run Build Command:"/opt/rh/devtoolset-6/root/usr/bin/gmake" "cmTC_1e82d/fast"
/opt/rh/devtoolset-6/root/usr/bin/gmake -f CMakeFiles/cmTC_1e82d.dir/build.make CMakeFiles/cmTC_1e82d.dir/build
gmake[1]: Entering directory '/home/csmajs/jgaff001/lab-07-abstract-factory-pattern-lab_07_justin_and_vivian/CMakeFiles/CMakeTmp'
Building C object CMakeFiles/cmTC_1e82d.dir/CheckFunctionExists.c.o
/opt/rh/devtoolset-6/root/usr/bin/cc   -DCHECK_FUNCTION_EXISTS=pthread_create   -o CMakeFiles/cmTC_1e82d.dir/CheckFunctionExists.c.o   -c /usr/share/cmake3/Modules/CheckFunctionExists.c
Linking C executable cmTC_1e82d
/usr/bin/cmake3 -E cmake_link_script CMakeFiles/cmTC_1e82d.dir/link.txt --verbose=1
/opt/rh/devtoolset-6/root/usr/bin/cc  -DCHECK_FUNCTION_EXISTS=pthread_create    -rdynamic CMakeFiles/cmTC_1e82d.dir/CheckFunctionExists.c.o  -o cmTC_1e82d -lpthreads 
/opt/rh/devtoolset-6/root/usr/libexec/gcc/x86_64-redhat-linux/6.3.1/ld: cannot find -lpthreads
collect2: error: ld returned 1 exit status
CMakeFiles/cmTC_1e82d.dir/build.make:86: recipe for target 'cmTC_1e82d' failed
gmake[1]: *** [cmTC_1e82d] Error 1
gmake[1]: Leaving directory '/home/csmajs/jgaff001/lab-07-abstract-factory-pattern-lab_07_justin_and_vivian/CMakeFiles/CMakeTmp'
Makefile:121: recipe for target 'cmTC_1e82d/fast' failed
gmake: *** [cmTC_1e82d/fast] Error 2


